Using pre-set license
Built from '2020.3/staging' branch; Version is '2020.3.19f1 (68f137dc9bbe) revision 6877495'; Using compiler version '192528614'; Build Type 'Release'
OS: 'Windows 10 Pro; OS build 19042.1237; Version 2009; 64bit' Language: 'es' Physical Memory: 16326 MB
BatchMode: 1, IsHumanControllingUs: 0, StartBugReporterOnCrash: 0, Is64bit: 1, IsPro: 0

COMMAND LINE ARGUMENTS:
E:\Unity Editor\2020.3.19f1\Editor\Unity.exe
-adb2
-batchMode
-noUpm
-name
AssetImportWorker0
-projectPath
E:/Unity Editor/Tomeu_de_la_Parte/entregable1-tomeu-de-la-parte/Entregable01
-logFile
Logs/AssetImportWorker0.log
-srvPort
50846
Successfully changed project path to: E:/Unity Editor/Tomeu_de_la_Parte/entregable1-tomeu-de-la-parte/Entregable01
E:/Unity Editor/Tomeu_de_la_Parte/entregable1-tomeu-de-la-parte/Entregable01
Using Asset Import Pipeline V2.
Refreshing native plugins compatible for Editor in 36.18 ms, found 2 plugins.
Preloading 0 native plugins for Editor in 0.00 ms.
Initialize engine version: 2020.3.19f1 (68f137dc9bbe)
[Subsystems] Discovering subsystems at path E:/Unity Editor/2020.3.19f1/Editor/Data/Resources/UnitySubsystems
[Subsystems] Discovering subsystems at path E:/Unity Editor/Tomeu_de_la_Parte/entregable1-tomeu-de-la-parte/Entregable01/Assets
GfxDevice: creating device client; threaded=0
Direct3D:
    Version:  Direct3D 11.0 [level 11.1]
    Renderer: NVIDIA GeForce RTX 2060 (ID=0x1e89)
    Vendor:   
    VRAM:     5967 MB
    Driver:   30.0.14.7212
Initialize mono
Mono path[0] = 'E:/Unity Editor/2020.3.19f1/Editor/Data/Managed'
Mono path[1] = 'E:/Unity Editor/2020.3.19f1/Editor/Data/MonoBleedingEdge/lib/mono/unityjit'
Mono config path = 'E:/Unity Editor/2020.3.19f1/Editor/Data/MonoBleedingEdge/etc'
Using monoOptions --debugger-agent=transport=dt_socket,embedding=1,server=y,suspend=n,address=127.0.0.1:56052
Begin MonoManager ReloadAssembly
Registering precompiled unity dll's ...
Register platform support module: E:/Unity Editor/2020.3.19f1/Editor/Data/PlaybackEngines/WindowsStandaloneSupport/UnityEditor.WindowsStandalone.Extensions.dll
Registered in 0.001447 seconds.
Native extension for WindowsStandalone target not found
Refreshing native plugins compatible for Editor in 35.82 ms, found 2 plugins.
Preloading 0 native plugins for Editor in 0.00 ms.
Mono: successfully reloaded assembly
- Completed reload, in  1.356 seconds
Domain Reload Profiling:
	ReloadAssembly (1356ms)
		BeginReloadAssembly (70ms)
			ExecutionOrderSort (0ms)
			DisableScriptedObjects (0ms)
			BackupInstance (0ms)
			ReleaseScriptingObjects (0ms)
			CreateAndSetChildDomain (1ms)
		EndReloadAssembly (558ms)
			LoadAssemblies (69ms)
			RebuildTransferFunctionScriptingTraits (0ms)
			SetupTypeCache (211ms)
			ReleaseScriptCaches (0ms)
			RebuildScriptCaches (40ms)
			SetupLoadedEditorAssemblies (217ms)
				LogAssemblyErrors (0ms)
				InitializePlatformSupportModulesInManaged (5ms)
				SetLoadedEditorAssemblies (0ms)
				RefreshPlugins (36ms)
				BeforeProcessingInitializeOnLoad (13ms)
				ProcessInitializeOnLoadAttributes (120ms)
				ProcessInitializeOnLoadMethodAttributes (43ms)
				AfterProcessingInitializeOnLoad (0ms)
				EditorAssembliesLoaded (0ms)
			ExecutionOrderSort2 (0ms)
			AwakeInstancesAfterBackupRestoration (0ms)
Platform modules already initialized, skipping
Registering precompiled user dll's ...
Registered in 0.016580 seconds.
Begin MonoManager ReloadAssembly
Native extension for WindowsStandalone target not found
Refreshing native plugins compatible for Editor in 0.35 ms, found 2 plugins.
Preloading 0 native plugins for Editor in 0.00 ms.
Mono: successfully reloaded assembly
- Completed reload, in  1.289 seconds
Domain Reload Profiling:
	ReloadAssembly (1290ms)
		BeginReloadAssembly (193ms)
			ExecutionOrderSort (0ms)
			DisableScriptedObjects (6ms)
			BackupInstance (0ms)
			ReleaseScriptingObjects (0ms)
			CreateAndSetChildDomain (23ms)
		EndReloadAssembly (1023ms)
			LoadAssemblies (111ms)
			RebuildTransferFunctionScriptingTraits (0ms)
			SetupTypeCache (364ms)
			ReleaseScriptCaches (0ms)
			RebuildScriptCaches (53ms)
			SetupLoadedEditorAssemblies (369ms)
				LogAssemblyErrors (0ms)
				InitializePlatformSupportModulesInManaged (6ms)
				SetLoadedEditorAssemblies (1ms)
				RefreshPlugins (0ms)
				BeforeProcessingInitializeOnLoad (63ms)
				ProcessInitializeOnLoadAttributes (290ms)
				ProcessInitializeOnLoadMethodAttributes (6ms)
				AfterProcessingInitializeOnLoad (3ms)
				EditorAssembliesLoaded (0ms)
			ExecutionOrderSort2 (0ms)
			AwakeInstancesAfterBackupRestoration (8ms)
Platform modules already initialized, skipping
========================================================================
Worker process is ready to serve import requests
Launched and connected shader compiler UnityShaderCompiler.exe after 0.06 seconds
Refreshing native plugins compatible for Editor in 0.33 ms, found 2 plugins.
Preloading 0 native plugins for Editor in 0.00 ms.
Unloading 1397 Unused Serialized files (Serialized files now loaded: 0)
System memory in use before: 65.2 MB.
System memory in use after: 65.3 MB.

Unloading 16 unused Assets to reduce memory usage. Loaded Objects now: 1832.
Total: 3.282200 ms (FindLiveObjects: 0.141900 ms CreateObjectMapping: 0.046000 ms MarkObjects: 3.026700 ms  DeleteObjects: 0.066500 ms)

AssetImportParameters requested are different than current active one (requested -> active):
  custom:framework-win-MediaFoundation: 216162199b28c13a410421893ffa2e32 -> 
  custom:video-decoder-ogg-theora: a1e56fd34408186e4bbccfd4996cb3dc -> 
  custom:container-muxer-webm: aa71ff27fc2769a1b78a27578f13a17b -> 
  custom:container-demuxer-webm: 4f35f7cbe854078d1ac9338744f61a02 -> 
  custom:container-demuxer-ogg: 62fdf1f143b41e24485cea50d1cbac27 -> 
  custom:video-encoder-webm-vp8: eb34c28f22e8b96e1ab97ce403110664 -> 
  custom:video-decoder-webm-vp8: 9c59270c3fd7afecdb556c50c9e8de78 -> 
  custom:audio-decoder-ogg-vorbis: bf7c407c2cedff20999df2af8eb42d56 -> 
  custom:audio-encoder-webm-vorbis: bf7c407c2cedff20999df2af8eb42d56 -> 
========================================================================
Received Import Request.
  path: Assets/Scenes
  artifactKey: Guid(61d21542cb79913479a5c0fcb946ea92) Importer(815301076,1909f56bfc062723c751e8b465ee728b)
Start importing Assets/Scenes using Guid(61d21542cb79913479a5c0fcb946ea92) Importer(815301076,1909f56bfc062723c751e8b465ee728b)  -> (artifact id: 'ea908629b62df2a1893ada54006996a8') in 0.004962 seconds 
  Import took 0.007359 seconds .

========================================================================
Received Import Request.
  Time since last request: 0.000525 seconds.
  path: Assets/Scenes/SampleScene.unity
  artifactKey: Guid(9fc0d4010bbf28b4594072e72b8655ab) Importer(815301076,1909f56bfc062723c751e8b465ee728b)
Start importing Assets/Scenes/SampleScene.unity using Guid(9fc0d4010bbf28b4594072e72b8655ab) Importer(815301076,1909f56bfc062723c751e8b465ee728b)  -> (artifact id: '85059f4f9e1a832ed95adaa0d25c5c4c') in 0.010649 seconds 
  Import took 0.013064 seconds .

========================================================================
Received Import Request.
  Time since last request: 115.315929 seconds.
  path: Assets/Scenes/Entregable01.unity
  artifactKey: Guid(9fc0d4010bbf28b4594072e72b8655ab) Importer(815301076,1909f56bfc062723c751e8b465ee728b)
Start importing Assets/Scenes/Entregable01.unity using Guid(9fc0d4010bbf28b4594072e72b8655ab) Importer(815301076,1909f56bfc062723c751e8b465ee728b)  -> (artifact id: '982ddfb64fdf65ada9aac3a0f96eecbc') in 0.002984 seconds 
  Import took 0.010408 seconds .

========================================================================
Received Import Request.
  Time since last request: 20.179860 seconds.
  path: Assets
  artifactKey: Guid(00000000000000001000000000000000) Importer(815301076,1909f56bfc062723c751e8b465ee728b)
Start importing Assets using Guid(00000000000000001000000000000000) Importer(815301076,1909f56bfc062723c751e8b465ee728b)  -> (artifact id: '42d402b061de3733987d63b9cc3b64de') in 0.003394 seconds 
  Import took 0.006576 seconds .

========================================================================
Received Prepare
Registering precompiled user dll's ...
Registered in 0.003116 seconds.
Begin MonoManager ReloadAssembly
Native extension for WindowsStandalone target not found
Refreshing native plugins compatible for Editor in 0.35 ms, found 2 plugins.
Preloading 0 native plugins for Editor in 0.00 ms.
Mono: successfully reloaded assembly
- Completed reload, in  1.265 seconds
Domain Reload Profiling:
	ReloadAssembly (1266ms)
		BeginReloadAssembly (173ms)
			ExecutionOrderSort (0ms)
			DisableScriptedObjects (8ms)
			BackupInstance (0ms)
			ReleaseScriptingObjects (0ms)
			CreateAndSetChildDomain (65ms)
		EndReloadAssembly (1014ms)
			LoadAssemblies (119ms)
			RebuildTransferFunctionScriptingTraits (0ms)
			SetupTypeCache (368ms)
			ReleaseScriptCaches (1ms)
			RebuildScriptCaches (51ms)
			SetupLoadedEditorAssemblies (352ms)
				LogAssemblyErrors (0ms)
				InitializePlatformSupportModulesInManaged (6ms)
				SetLoadedEditorAssemblies (1ms)
				RefreshPlugins (0ms)
				BeforeProcessingInitializeOnLoad (58ms)
				ProcessInitializeOnLoadAttributes (277ms)
				ProcessInitializeOnLoadMethodAttributes (5ms)
				AfterProcessingInitializeOnLoad (4ms)
				EditorAssembliesLoaded (0ms)
			ExecutionOrderSort2 (0ms)
			AwakeInstancesAfterBackupRestoration (9ms)
Platform modules already initialized, skipping
Refreshing native plugins compatible for Editor in 0.36 ms, found 2 plugins.
Preloading 0 native plugins for Editor in 0.00 ms.
Unloading 1391 Unused Serialized files (Serialized files now loaded: 0)
System memory in use before: 65.1 MB.
System memory in use after: 65.2 MB.

Unloading 11 unused Assets to reduce memory usage. Loaded Objects now: 1834.
Total: 3.764500 ms (FindLiveObjects: 0.167500 ms CreateObjectMapping: 0.055700 ms MarkObjects: 3.500200 ms  DeleteObjects: 0.039200 ms)

AssetImportParameters requested are different than current active one (requested -> active):
  custom:framework-win-MediaFoundation: 216162199b28c13a410421893ffa2e32 -> 
  custom:video-decoder-ogg-theora: a1e56fd34408186e4bbccfd4996cb3dc -> 
  custom:container-muxer-webm: aa71ff27fc2769a1b78a27578f13a17b -> 
  custom:container-demuxer-webm: 4f35f7cbe854078d1ac9338744f61a02 -> 
  custom:container-demuxer-ogg: 62fdf1f143b41e24485cea50d1cbac27 -> 
  custom:video-encoder-webm-vp8: eb34c28f22e8b96e1ab97ce403110664 -> 
  custom:video-decoder-webm-vp8: 9c59270c3fd7afecdb556c50c9e8de78 -> 
  custom:audio-decoder-ogg-vorbis: bf7c407c2cedff20999df2af8eb42d56 -> 
  custom:audio-encoder-webm-vorbis: bf7c407c2cedff20999df2af8eb42d56 -> 
========================================================================
Received Import Request.
  Time since last request: 3935.008169 seconds.
  path: Assets/Prefab
  artifactKey: Guid(5d97fb8bfc8fe1f4c88e11b849bb41e0) Importer(815301076,1909f56bfc062723c751e8b465ee728b)
Start importing Assets/Prefab using Guid(5d97fb8bfc8fe1f4c88e11b849bb41e0) Importer(815301076,1909f56bfc062723c751e8b465ee728b)  -> (artifact id: '37083ee5b9d38b91ffbf44eaf7511374') in 0.007247 seconds 
  Import took 0.010716 seconds .

========================================================================
Received Import Request.
  Time since last request: 4.479127 seconds.
  path: Assets/Prefabs
  artifactKey: Guid(5d97fb8bfc8fe1f4c88e11b849bb41e0) Importer(815301076,1909f56bfc062723c751e8b465ee728b)
Start importing Assets/Prefabs using Guid(5d97fb8bfc8fe1f4c88e11b849bb41e0) Importer(815301076,1909f56bfc062723c751e8b465ee728b)  -> (artifact id: '79e55780e4ead1dc97cb9246df54236a') in 0.004240 seconds 
  Import took 0.006960 seconds .

========================================================================
Received Import Request.
  Time since last request: 41.277895 seconds.
  path: Assets/Prefabs/Player.prefab
  artifactKey: Guid(cea5a63bdc6f7c84fa337b552f61baf0) Importer(815301076,1909f56bfc062723c751e8b465ee728b)
Start importing Assets/Prefabs/Player.prefab using Guid(cea5a63bdc6f7c84fa337b552f61baf0) Importer(815301076,1909f56bfc062723c751e8b465ee728b)  -> (artifact id: 'dc064e85300bb17de3f25e344b21c5d9') in 0.159596 seconds 
  Import took 0.162822 seconds .

========================================================================
Received Import Request.
  Time since last request: 89.464473 seconds.
  path: Assets/Texturas
  artifactKey: Guid(63ac57a1f60c6f743960664ce84560e4) Importer(815301076,1909f56bfc062723c751e8b465ee728b)
Start importing Assets/Texturas using Guid(63ac57a1f60c6f743960664ce84560e4) Importer(815301076,1909f56bfc062723c751e8b465ee728b)  -> (artifact id: 'af06e4f5932440d79ef10e64811d8128') in 0.002812 seconds 
  Import took 0.005760 seconds .

========================================================================
Received Import Request.
  Time since last request: 25.574218 seconds.
  path: Assets/New Folder
  artifactKey: Guid(cb62c6206250a6743b765ea8df196a9e) Importer(815301076,1909f56bfc062723c751e8b465ee728b)
Start importing Assets/New Folder using Guid(cb62c6206250a6743b765ea8df196a9e) Importer(815301076,1909f56bfc062723c751e8b465ee728b)  -> (artifact id: '084a6c559c22d9b8e46ec36785b02038') in 0.002941 seconds 
  Import took 0.005956 seconds .

========================================================================
Received Import Request.
  Time since last request: 13.569450 seconds.
  path: Assets/Materiales
  artifactKey: Guid(cb62c6206250a6743b765ea8df196a9e) Importer(815301076,1909f56bfc062723c751e8b465ee728b)
Start importing Assets/Materiales using Guid(cb62c6206250a6743b765ea8df196a9e) Importer(815301076,1909f56bfc062723c751e8b465ee728b)  -> (artifact id: '595103b51ff77e0cab0bbd2c21b41802') in 0.004785 seconds 
  Import took 0.008060 seconds .

========================================================================
Received Import Request.
  Time since last request: 20.781080 seconds.
  path: Assets/Materiales/Amarillo_MAT.mat
  artifactKey: Guid(ecb45963ea7bbbf4890499d3a075a2ef) Importer(815301076,1909f56bfc062723c751e8b465ee728b)
Start importing Assets/Materiales/Amarillo_MAT.mat using Guid(ecb45963ea7bbbf4890499d3a075a2ef) Importer(815301076,1909f56bfc062723c751e8b465ee728b)  -> (artifact id: '4aa131518bc857423c201edf9ea35c84') in 0.044214 seconds 
  Import took 0.047398 seconds .

========================================================================
Received Import Request.
  Time since last request: 47.949055 seconds.
  path: Assets/Materiales/Negro_MAT.mat
  artifactKey: Guid(ecb45963ea7bbbf4890499d3a075a2ef) Importer(815301076,1909f56bfc062723c751e8b465ee728b)
Start importing Assets/Materiales/Negro_MAT.mat using Guid(ecb45963ea7bbbf4890499d3a075a2ef) Importer(815301076,1909f56bfc062723c751e8b465ee728b)  -> (artifact id: '1ca7672b8202369f900519b7e3363fd6') in 0.022330 seconds 
  Import took 0.025139 seconds .

========================================================================
Received Import Request.
  Time since last request: 29.342929 seconds.
  path: Assets/Materiales/Amarillo_MAT.mat
  artifactKey: Guid(8a06b6bf6a54a844c96b80ec29891c11) Importer(815301076,1909f56bfc062723c751e8b465ee728b)
Start importing Assets/Materiales/Amarillo_MAT.mat using Guid(8a06b6bf6a54a844c96b80ec29891c11) Importer(815301076,1909f56bfc062723c751e8b465ee728b)  -> (artifact id: 'b80378cd264cd60107a0110fae522674') in 0.018987 seconds 
  Import took 0.023134 seconds .

========================================================================
Received Import Request.
  Time since last request: 101.170710 seconds.
  path: Assets/Materiales/Rojo_MAT.mat
  artifactKey: Guid(2723d2e88922afb488ff4bf740332fb8) Importer(815301076,1909f56bfc062723c751e8b465ee728b)
Start importing Assets/Materiales/Rojo_MAT.mat using Guid(2723d2e88922afb488ff4bf740332fb8) Importer(815301076,1909f56bfc062723c751e8b465ee728b)  -> (artifact id: 'bff1295f1a92499dd2c609a571af9c10') in 0.011576 seconds 
  Import took 0.014580 seconds .

========================================================================
Received Import Request.
  Time since last request: 21.211544 seconds.
  path: Assets/Materiales/Amarillo_MAT.mat
  artifactKey: Guid(8a06b6bf6a54a844c96b80ec29891c11) Importer(815301076,1909f56bfc062723c751e8b465ee728b)
Start importing Assets/Materiales/Amarillo_MAT.mat using Guid(8a06b6bf6a54a844c96b80ec29891c11) Importer(815301076,1909f56bfc062723c751e8b465ee728b)  -> (artifact id: '385ddf651fed00ee24761fe1088ce60e') in 0.018600 seconds 
  Import took 0.021945 seconds .

========================================================================
Received Import Request.
  Time since last request: 0.000502 seconds.
  path: Assets/Materiales/Rojo_MAT.mat
  artifactKey: Guid(2723d2e88922afb488ff4bf740332fb8) Importer(815301076,1909f56bfc062723c751e8b465ee728b)
Start importing Assets/Materiales/Rojo_MAT.mat using Guid(2723d2e88922afb488ff4bf740332fb8) Importer(815301076,1909f56bfc062723c751e8b465ee728b)  -> (artifact id: 'c2f72f73c6fdb946211d7881fb024215') in 0.013361 seconds 
  Import took 0.016031 seconds .

========================================================================
Received Import Request.
  Time since last request: 49.822646 seconds.
  path: Assets/Prefabs/Player.prefab
  artifactKey: Guid(cea5a63bdc6f7c84fa337b552f61baf0) Importer(815301076,1909f56bfc062723c751e8b465ee728b)
Start importing Assets/Prefabs/Player.prefab using Guid(cea5a63bdc6f7c84fa337b552f61baf0) Importer(815301076,1909f56bfc062723c751e8b465ee728b)  -> (artifact id: '0c0c60c7f11607bb8a72eec6416e6ac2') in 0.018045 seconds 
  Import took 0.021489 seconds .

========================================================================
Received Import Request.
  Time since last request: 39.435236 seconds.
  path: Assets/Materiales/Blanco_MAT.mat
  artifactKey: Guid(0431a47a12e822e43ae4543f9b569592) Importer(815301076,1909f56bfc062723c751e8b465ee728b)
Start importing Assets/Materiales/Blanco_MAT.mat using Guid(0431a47a12e822e43ae4543f9b569592) Importer(815301076,1909f56bfc062723c751e8b465ee728b)  -> (artifact id: '4d002cc73b3f34ed78b9bbb94575c0cd') in 0.012372 seconds 
  Import took 0.017178 seconds .

========================================================================
Received Import Request.
  Time since last request: 27.373932 seconds.
  path: Assets/Materiales/Blanco_MAT.mat
  artifactKey: Guid(0431a47a12e822e43ae4543f9b569592) Importer(815301076,1909f56bfc062723c751e8b465ee728b)
Start importing Assets/Materiales/Blanco_MAT.mat using Guid(0431a47a12e822e43ae4543f9b569592) Importer(815301076,1909f56bfc062723c751e8b465ee728b)  -> (artifact id: '01a9e8e799d0ca15a38d64ea9e8c7670') in 0.011185 seconds 
  Import took 0.016914 seconds .

========================================================================
Received Import Request.
  Time since last request: 34.864384 seconds.
  path: Assets/Materiales/Amarillo_MAT.mat
  artifactKey: Guid(8a06b6bf6a54a844c96b80ec29891c11) Importer(815301076,1909f56bfc062723c751e8b465ee728b)
Start importing Assets/Materiales/Amarillo_MAT.mat using Guid(8a06b6bf6a54a844c96b80ec29891c11) Importer(815301076,1909f56bfc062723c751e8b465ee728b)  -> (artifact id: 'dfe1f0a6f1e3b37003dbc7272119c229') in 0.013769 seconds 
  Import took 0.016763 seconds .

========================================================================
Received Import Request.
  Time since last request: 0.000520 seconds.
  path: Assets/Materiales/Blanco_MAT.mat
  artifactKey: Guid(0431a47a12e822e43ae4543f9b569592) Importer(815301076,1909f56bfc062723c751e8b465ee728b)
Start importing Assets/Materiales/Blanco_MAT.mat using Guid(0431a47a12e822e43ae4543f9b569592) Importer(815301076,1909f56bfc062723c751e8b465ee728b)  -> (artifact id: 'e6933cfa363c0da5ccb3e582ab1e40cf') in 0.011406 seconds 
  Import took 0.014169 seconds .

========================================================================
Received Import Request.
  Time since last request: 0.000528 seconds.
  path: Assets/Materiales/Rojo_MAT.mat
  artifactKey: Guid(2723d2e88922afb488ff4bf740332fb8) Importer(815301076,1909f56bfc062723c751e8b465ee728b)
Start importing Assets/Materiales/Rojo_MAT.mat using Guid(2723d2e88922afb488ff4bf740332fb8) Importer(815301076,1909f56bfc062723c751e8b465ee728b)  -> (artifact id: '0fc8035c6056f86f4f09f63a1f71b385') in 0.011293 seconds 
  Import took 0.014179 seconds .

========================================================================
Received Import Request.
  Time since last request: 59.816893 seconds.
  path: Assets/Materiales/Amarillo_MAT.mat
  artifactKey: Guid(8a06b6bf6a54a844c96b80ec29891c11) Importer(815301076,1909f56bfc062723c751e8b465ee728b)
Start importing Assets/Materiales/Amarillo_MAT.mat using Guid(8a06b6bf6a54a844c96b80ec29891c11) Importer(815301076,1909f56bfc062723c751e8b465ee728b)  -> (artifact id: '3e914f95e333e6fa29898279a971b16a') in 0.010877 seconds 
  Import took 0.013751 seconds .

========================================================================
Received Import Request.
  Time since last request: 0.000531 seconds.
  path: Assets/Materiales/Blanco_MAT.mat
  artifactKey: Guid(0431a47a12e822e43ae4543f9b569592) Importer(815301076,1909f56bfc062723c751e8b465ee728b)
Start importing Assets/Materiales/Blanco_MAT.mat using Guid(0431a47a12e822e43ae4543f9b569592) Importer(815301076,1909f56bfc062723c751e8b465ee728b)  -> (artifact id: 'a904f37d29805b6d91b16bac41d61714') in 0.009165 seconds 
  Import took 0.012047 seconds .

========================================================================
Received Import Request.
  Time since last request: 0.000497 seconds.
  path: Assets/Materiales/Rojo_MAT.mat
  artifactKey: Guid(2723d2e88922afb488ff4bf740332fb8) Importer(815301076,1909f56bfc062723c751e8b465ee728b)
Start importing Assets/Materiales/Rojo_MAT.mat using Guid(2723d2e88922afb488ff4bf740332fb8) Importer(815301076,1909f56bfc062723c751e8b465ee728b)  -> (artifact id: '24ace34f3a55b295ce2c216c9bdc465b') in 0.013811 seconds 
  Import took 0.016616 seconds .

========================================================================
Received Import Request.
  Time since last request: 187.383962 seconds.
  path: Assets/Textures
  artifactKey: Guid(63ac57a1f60c6f743960664ce84560e4) Importer(815301076,1909f56bfc062723c751e8b465ee728b)
Start importing Assets/Textures using Guid(63ac57a1f60c6f743960664ce84560e4) Importer(815301076,1909f56bfc062723c751e8b465ee728b)  -> (artifact id: 'a9a585e7f1bba530fb33d16f6910b577') in 0.004269 seconds 
  Import took 0.007203 seconds .

========================================================================
Received Import Request.
  Time since last request: 12.240302 seconds.
  path: Assets/Materials
  artifactKey: Guid(cb62c6206250a6743b765ea8df196a9e) Importer(815301076,1909f56bfc062723c751e8b465ee728b)
Start importing Assets/Materials using Guid(cb62c6206250a6743b765ea8df196a9e) Importer(815301076,1909f56bfc062723c751e8b465ee728b)  -> (artifact id: '6e5cffce3e798019835dd0c7324208de') in 0.002641 seconds 
  Import took 0.005960 seconds .

========================================================================
Received Import Request.
  Time since last request: 252.861172 seconds.
  path: Assets/Materials/BlancoTransparente_MAT.mat
  artifactKey: Guid(ceb441d14878d074b8c976e06ba4142f) Importer(815301076,1909f56bfc062723c751e8b465ee728b)
Start importing Assets/Materials/BlancoTransparente_MAT.mat using Guid(ceb441d14878d074b8c976e06ba4142f) Importer(815301076,1909f56bfc062723c751e8b465ee728b)  -> (artifact id: 'e4110c6eed681ff2b9a9c42c2dba5db0') in 0.018266 seconds 
  Import took 0.021483 seconds .

========================================================================
Received Import Request.
  Time since last request: 86.281432 seconds.
  path: Assets/Materials/BlancoTransparente_MAT.mat
  artifactKey: Guid(ceb441d14878d074b8c976e06ba4142f) Importer(815301076,1909f56bfc062723c751e8b465ee728b)
Start importing Assets/Materials/BlancoTransparente_MAT.mat using Guid(ceb441d14878d074b8c976e06ba4142f) Importer(815301076,1909f56bfc062723c751e8b465ee728b)  -> (artifact id: '766f2660aa140ead20a458c8954cd2f6') in 0.020282 seconds 
  Import took 0.023765 seconds .

========================================================================
Received Import Request.
  Time since last request: 42.436188 seconds.
  path: Assets/Materials/Blanco_MAT.mat
  artifactKey: Guid(0431a47a12e822e43ae4543f9b569592) Importer(815301076,1909f56bfc062723c751e8b465ee728b)
Start importing Assets/Materials/Blanco_MAT.mat using Guid(0431a47a12e822e43ae4543f9b569592) Importer(815301076,1909f56bfc062723c751e8b465ee728b)  -> (artifact id: 'c03a02c6a1e066fe0913a26c696c78bd') in 0.009379 seconds 
  Import took 0.012731 seconds .

========================================================================
Received Import Request.
  Time since last request: 55.650685 seconds.
  path: Assets/Prefabs/Player.prefab
  artifactKey: Guid(cea5a63bdc6f7c84fa337b552f61baf0) Importer(815301076,1909f56bfc062723c751e8b465ee728b)
Start importing Assets/Prefabs/Player.prefab using Guid(cea5a63bdc6f7c84fa337b552f61baf0) Importer(815301076,1909f56bfc062723c751e8b465ee728b)  -> (artifact id: '2d5b9d40922a9c441e9fefdaf91ec997') in 0.012485 seconds 
  Import took 0.015825 seconds .

========================================================================
Received Import Request.
  Time since last request: 153.298467 seconds.
  path: Assets/Textures/textura.jpg
  artifactKey: Guid(0ddf1f6bfc477c94ca8c00c050189660) Importer(815301076,1909f56bfc062723c751e8b465ee728b)
Start importing Assets/Textures/textura.jpg using Guid(0ddf1f6bfc477c94ca8c00c050189660) Importer(815301076,1909f56bfc062723c751e8b465ee728b)  -> (artifact id: '832857695988a79bba5e55671c969e38') in 0.044672 seconds 
  Import took 0.047948 seconds .

========================================================================
Received Import Request.
  Time since last request: 25.397935 seconds.
  path: Assets/Materials/BlancoTextura_MAT.mat
  artifactKey: Guid(2a3410d265633ad46acef238ed12e113) Importer(815301076,1909f56bfc062723c751e8b465ee728b)
Start importing Assets/Materials/BlancoTextura_MAT.mat using Guid(2a3410d265633ad46acef238ed12e113) Importer(815301076,1909f56bfc062723c751e8b465ee728b)  -> (artifact id: 'c0c7a3e52af3cfab549d1c2987db04b3') in 0.019288 seconds 
  Import took 0.022269 seconds .

========================================================================
Received Import Request.
  Time since last request: 77.519397 seconds.
  path: Assets/Materials/BlancoTextura_MAT.mat
  artifactKey: Guid(2a3410d265633ad46acef238ed12e113) Importer(815301076,1909f56bfc062723c751e8b465ee728b)
Start importing Assets/Materials/BlancoTextura_MAT.mat using Guid(2a3410d265633ad46acef238ed12e113) Importer(815301076,1909f56bfc062723c751e8b465ee728b)  -> (artifact id: 'bc4b003e4560ed1f3ae897e8957303a9') in 0.012623 seconds 
  Import took 0.015572 seconds .

========================================================================
Received Import Request.
  Time since last request: 72.040438 seconds.
  path: Assets/Textures/textura.jpg
  artifactKey: Guid(0ddf1f6bfc477c94ca8c00c050189660) Importer(815301076,1909f56bfc062723c751e8b465ee728b)
Start importing Assets/Textures/textura.jpg using Guid(0ddf1f6bfc477c94ca8c00c050189660) Importer(815301076,1909f56bfc062723c751e8b465ee728b)  -> (artifact id: '8c10556f2ae67a1c7c6345c6ccb0483c') in 0.024785 seconds 
  Import took 0.029170 seconds .

========================================================================
Received Import Request.
  Time since last request: 902.867460 seconds.
  path: Assets/Prefabs/Player.prefab
  artifactKey: Guid(cea5a63bdc6f7c84fa337b552f61baf0) Importer(815301076,1909f56bfc062723c751e8b465ee728b)
Start importing Assets/Prefabs/Player.prefab using Guid(cea5a63bdc6f7c84fa337b552f61baf0) Importer(815301076,1909f56bfc062723c751e8b465ee728b)  -> (artifact id: '43d8be0fe8caffe39dfef9ccff1f2d06') in 0.016108 seconds 
  Import took 0.019786 seconds .

========================================================================
Received Import Request.
  Time since last request: 217.863720 seconds.
  path: Assets/Prefabs/Player.prefab
  artifactKey: Guid(cea5a63bdc6f7c84fa337b552f61baf0) Importer(815301076,1909f56bfc062723c751e8b465ee728b)
Start importing Assets/Prefabs/Player.prefab using Guid(cea5a63bdc6f7c84fa337b552f61baf0) Importer(815301076,1909f56bfc062723c751e8b465ee728b)  -> (artifact id: '0c087ceb7d854cff48a9000f46b94c96') in 0.024067 seconds 
  Import took 0.027966 seconds .

========================================================================
Received Import Request.
  Time since last request: 63.527919 seconds.
  path: Assets/Prefabs/Enemy Variant.prefab
  artifactKey: Guid(79ca9e1f3bf16bd45b4b9714ee671f1d) Importer(815301076,1909f56bfc062723c751e8b465ee728b)
Start importing Assets/Prefabs/Enemy Variant.prefab using Guid(79ca9e1f3bf16bd45b4b9714ee671f1d) Importer(815301076,1909f56bfc062723c751e8b465ee728b)  -> (artifact id: '5fcc58fbb64ffab0f731f30353d87080') in 0.022679 seconds 
  Import took 0.026078 seconds .

========================================================================
Received Import Request.
  Time since last request: 8.551035 seconds.
  path: Assets/Prefabs/Enemy.prefab
  artifactKey: Guid(79ca9e1f3bf16bd45b4b9714ee671f1d) Importer(815301076,1909f56bfc062723c751e8b465ee728b)
Start importing Assets/Prefabs/Enemy.prefab using Guid(79ca9e1f3bf16bd45b4b9714ee671f1d) Importer(815301076,1909f56bfc062723c751e8b465ee728b)  -> (artifact id: 'a995e7c36cb652b071ec95929b19ae7b') in 0.020154 seconds 
  Import took 0.023432 seconds .

========================================================================
Received Import Request.
  Time since last request: 21.621391 seconds.
  path: Assets/Prefabs/Enemy.prefab
  artifactKey: Guid(79ca9e1f3bf16bd45b4b9714ee671f1d) Importer(815301076,1909f56bfc062723c751e8b465ee728b)
Start importing Assets/Prefabs/Enemy.prefab using Guid(79ca9e1f3bf16bd45b4b9714ee671f1d) Importer(815301076,1909f56bfc062723c751e8b465ee728b)  -> (artifact id: '4391a2c6923b7562422646f31ca157fa') in 0.020168 seconds 
  Import took 0.023356 seconds .

========================================================================
Received Import Request.
  Time since last request: 28.782223 seconds.
  path: Assets/Prefabs/Enemy.prefab
  artifactKey: Guid(79ca9e1f3bf16bd45b4b9714ee671f1d) Importer(815301076,1909f56bfc062723c751e8b465ee728b)
Start importing Assets/Prefabs/Enemy.prefab using Guid(79ca9e1f3bf16bd45b4b9714ee671f1d) Importer(815301076,1909f56bfc062723c751e8b465ee728b)  -> (artifact id: '57a99f205bdb85f984b9d364dc32f6d2') in 0.019171 seconds 
  Import took 0.022412 seconds .

========================================================================
Received Import Request.
  Time since last request: 0.000487 seconds.
  path: Assets/Prefabs/Player.prefab
  artifactKey: Guid(cea5a63bdc6f7c84fa337b552f61baf0) Importer(815301076,1909f56bfc062723c751e8b465ee728b)
Start importing Assets/Prefabs/Player.prefab using Guid(cea5a63bdc6f7c84fa337b552f61baf0) Importer(815301076,1909f56bfc062723c751e8b465ee728b)  -> (artifact id: '2d02f3278fdcbc300a271c6fac5c9ad7') in 0.016004 seconds 
  Import took 0.019897 seconds .

========================================================================
Received Import Request.
  Time since last request: 64.790616 seconds.
  path: Assets/Materials/RojoOscuro_MAT.mat
  artifactKey: Guid(ec450e2408b7e2a4a997f6977fd75a9a) Importer(815301076,1909f56bfc062723c751e8b465ee728b)
Start importing Assets/Materials/RojoOscuro_MAT.mat using Guid(ec450e2408b7e2a4a997f6977fd75a9a) Importer(815301076,1909f56bfc062723c751e8b465ee728b)  -> (artifact id: 'b5e55c320797a5f3a4ab59f1c5835bd0') in 0.016695 seconds 
  Import took 0.021057 seconds .

========================================================================
Received Import Request.
  Time since last request: 78.400606 seconds.
  path: Assets/Materials/Negro02_MAT.mat
  artifactKey: Guid(e411e159a6849c249a78a0efa048ee31) Importer(815301076,1909f56bfc062723c751e8b465ee728b)
Start importing Assets/Materials/Negro02_MAT.mat using Guid(e411e159a6849c249a78a0efa048ee31) Importer(815301076,1909f56bfc062723c751e8b465ee728b)  -> (artifact id: '01438f655d084eb2c63b19214ad69e1a') in 0.019007 seconds 
  Import took 0.022122 seconds .

========================================================================
Received Import Request.
  Time since last request: 120.725927 seconds.
  path: Assets/Materials/Negro02_MAT.mat
  artifactKey: Guid(e411e159a6849c249a78a0efa048ee31) Importer(815301076,1909f56bfc062723c751e8b465ee728b)
Start importing Assets/Materials/Negro02_MAT.mat using Guid(e411e159a6849c249a78a0efa048ee31) Importer(815301076,1909f56bfc062723c751e8b465ee728b)  -> (artifact id: '84b45397814bf770e0ba87c0228ea43b') in 0.015844 seconds 
  Import took 0.019268 seconds .

========================================================================
Received Import Request.
  Time since last request: 0.000468 seconds.
  path: Assets/Materials/RojoOscuro_MAT.mat
  artifactKey: Guid(ec450e2408b7e2a4a997f6977fd75a9a) Importer(815301076,1909f56bfc062723c751e8b465ee728b)
Start importing Assets/Materials/RojoOscuro_MAT.mat using Guid(ec450e2408b7e2a4a997f6977fd75a9a) Importer(815301076,1909f56bfc062723c751e8b465ee728b)  -> (artifact id: 'ce9e2f7881ec84c90e392a1b7e99b273') in 0.011217 seconds 
  Import took 0.014109 seconds .

========================================================================
Received Import Request.
  Time since last request: 64.852154 seconds.
  path: Assets/Prefabs/Enemy.prefab
  artifactKey: Guid(79ca9e1f3bf16bd45b4b9714ee671f1d) Importer(815301076,1909f56bfc062723c751e8b465ee728b)
Start importing Assets/Prefabs/Enemy.prefab using Guid(79ca9e1f3bf16bd45b4b9714ee671f1d) Importer(815301076,1909f56bfc062723c751e8b465ee728b)  -> (artifact id: '9380396e97ff23ad08144810b0c9dd33') in 0.023315 seconds 
  Import took 0.026703 seconds .

========================================================================
Received Import Request.
  Time since last request: 70.730525 seconds.
  path: Assets/Prefabs/Enemy.prefab
  artifactKey: Guid(79ca9e1f3bf16bd45b4b9714ee671f1d) Importer(815301076,1909f56bfc062723c751e8b465ee728b)
Start importing Assets/Prefabs/Enemy.prefab using Guid(79ca9e1f3bf16bd45b4b9714ee671f1d) Importer(815301076,1909f56bfc062723c751e8b465ee728b)  -> (artifact id: '93de4e479a9a9d7dbb5d0a6055760fa8') in 0.020001 seconds 
  Import took 0.023589 seconds .

========================================================================
Received Import Request.
  Time since last request: 58.612967 seconds.
  path: Assets/Prefabs/Enemy.prefab
  artifactKey: Guid(79ca9e1f3bf16bd45b4b9714ee671f1d) Importer(815301076,1909f56bfc062723c751e8b465ee728b)
Start importing Assets/Prefabs/Enemy.prefab using Guid(79ca9e1f3bf16bd45b4b9714ee671f1d) Importer(815301076,1909f56bfc062723c751e8b465ee728b)  -> (artifact id: 'ae6911c35fab710eebc619f70cf8f550') in 0.016454 seconds 
  Import took 0.019781 seconds .

========================================================================
Received Import Request.
  Time since last request: 0.000438 seconds.
  path: Assets/Prefabs/Player.prefab
  artifactKey: Guid(cea5a63bdc6f7c84fa337b552f61baf0) Importer(815301076,1909f56bfc062723c751e8b465ee728b)
Start importing Assets/Prefabs/Player.prefab using Guid(cea5a63bdc6f7c84fa337b552f61baf0) Importer(815301076,1909f56bfc062723c751e8b465ee728b)  -> (artifact id: 'dc4a2c766616a429d9f9a4b64b8fd91e') in 0.029166 seconds 
  Import took 0.032872 seconds .

========================================================================
Received Import Request.
  Time since last request: 217.887793 seconds.
  path: Assets/Prefabs/Enemy.prefab
  artifactKey: Guid(79ca9e1f3bf16bd45b4b9714ee671f1d) Importer(815301076,1909f56bfc062723c751e8b465ee728b)
Start importing Assets/Prefabs/Enemy.prefab using Guid(79ca9e1f3bf16bd45b4b9714ee671f1d) Importer(815301076,1909f56bfc062723c751e8b465ee728b)  -> (artifact id: 'b8a7fb84936862662a491b6cf41ba39b') in 0.016184 seconds 
  Import took 0.020335 seconds .

========================================================================
Received Import Request.
  Time since last request: 35.834984 seconds.
  path: Assets/Prefabs/Enemy.prefab
  artifactKey: Guid(79ca9e1f3bf16bd45b4b9714ee671f1d) Importer(815301076,1909f56bfc062723c751e8b465ee728b)
Start importing Assets/Prefabs/Enemy.prefab using Guid(79ca9e1f3bf16bd45b4b9714ee671f1d) Importer(815301076,1909f56bfc062723c751e8b465ee728b)  -> (artifact id: 'd3c94b1134fe48ae4d2fb2019a6a5932') in 0.017077 seconds 
  Import took 0.020532 seconds .

========================================================================
Received Import Request.
  Time since last request: 287.154888 seconds.
  path: Assets/Textures/Textura_TEX.jpg
  artifactKey: Guid(0ddf1f6bfc477c94ca8c00c050189660) Importer(815301076,1909f56bfc062723c751e8b465ee728b)
Start importing Assets/Textures/Textura_TEX.jpg using Guid(0ddf1f6bfc477c94ca8c00c050189660) Importer(815301076,1909f56bfc062723c751e8b465ee728b)  -> (artifact id: '94fcc832fc5a749aee197ce333efaf79') in 0.011869 seconds 
  Import took 0.014848 seconds .

========================================================================
Received Import Request.
  Time since last request: 3.048479 seconds.
  path: Assets/Prefabs/Enemy.prefab
  artifactKey: Guid(79ca9e1f3bf16bd45b4b9714ee671f1d) Importer(815301076,1909f56bfc062723c751e8b465ee728b)
Start importing Assets/Prefabs/Enemy.prefab using Guid(79ca9e1f3bf16bd45b4b9714ee671f1d) Importer(815301076,1909f56bfc062723c751e8b465ee728b)  -> (artifact id: 'f44101d9ad6ae1f7f344f9086e1393e9') in 0.015330 seconds 
  Import took 0.019264 seconds .

========================================================================
Received Import Request.
  Time since last request: 19.451045 seconds.
  path: Assets/Scenes/Entregable01.unity
  artifactKey: Guid(9fc0d4010bbf28b4594072e72b8655ab) Importer(815301076,1909f56bfc062723c751e8b465ee728b)
Start importing Assets/Scenes/Entregable01.unity using Guid(9fc0d4010bbf28b4594072e72b8655ab) Importer(815301076,1909f56bfc062723c751e8b465ee728b)  -> (artifact id: '42f5992e5fec1c4e18143f978f45020f') in 0.002989 seconds 
  Import took 0.006099 seconds .

========================================================================
Received Import Request.
  Time since last request: 15.085831 seconds.
  path: Assets/Textures/Plumas_TEX.jpg
  artifactKey: Guid(0ddf1f6bfc477c94ca8c00c050189660) Importer(815301076,1909f56bfc062723c751e8b465ee728b)
Start importing Assets/Textures/Plumas_TEX.jpg using Guid(0ddf1f6bfc477c94ca8c00c050189660) Importer(815301076,1909f56bfc062723c751e8b465ee728b)  -> (artifact id: 'c2cd54fbe48609b19dbe2bc55ac5fc72') in 0.020867 seconds 
  Import took 0.023849 seconds .

========================================================================
Received Import Request.
  Time since last request: 43.667940 seconds.
  path: Assets/Materials/Plumas_MAT.mat
  artifactKey: Guid(2a3410d265633ad46acef238ed12e113) Importer(815301076,1909f56bfc062723c751e8b465ee728b)
Start importing Assets/Materials/Plumas_MAT.mat using Guid(2a3410d265633ad46acef238ed12e113) Importer(815301076,1909f56bfc062723c751e8b465ee728b)  -> (artifact id: '3baa3cbb8fbf16d9a5b2b32107c39413') in 0.018232 seconds 
  Import took 0.021358 seconds .

========================================================================
Received Import Request.
  Time since last request: 11.760558 seconds.
  path: Assets/Materials/NegroMate_MAT.mat
  artifactKey: Guid(e411e159a6849c249a78a0efa048ee31) Importer(815301076,1909f56bfc062723c751e8b465ee728b)
Start importing Assets/Materials/NegroMate_MAT.mat using Guid(e411e159a6849c249a78a0efa048ee31) Importer(815301076,1909f56bfc062723c751e8b465ee728b)  -> (artifact id: 'a434ab8f82cd6667b68630aa81f4d07d') in 0.015723 seconds 
  Import took 0.018670 seconds .

AssetImportWorkerClient::OnTransportError - code=2 error=End of file
